Determining if the pthread_create exist failed with the following output:
Change Dir: /home/slam/pointcloud/BinPicking/ensaio_correspondencia_3DSC/src/build/CMakeFiles/CMakeTmp

Run Build Command:"/usr/bin/make" "cmTC_f8dfc/fast"
/usr/bin/make -f CMakeFiles/cmTC_f8dfc.dir/build.make CMakeFiles/cmTC_f8dfc.dir/build
make[1]: Entering directory `/home/slam/pointcloud/BinPicking/ensaio_correspondencia_3DSC/src/build/CMakeFiles/CMakeTmp'
Building C object CMakeFiles/cmTC_f8dfc.dir/CheckSymbolExists.c.o
/usr/bin/cc     -o CMakeFiles/cmTC_f8dfc.dir/CheckSymbolExists.c.o   -c /home/slam/pointcloud/BinPicking/ensaio_correspondencia_3DSC/src/build/CMakeFiles/CMakeTmp/CheckSymbolExists.c
Linking C executable cmTC_f8dfc
/usr/bin/cmake -E cmake_link_script CMakeFiles/cmTC_f8dfc.dir/link.txt --verbose=1
/usr/bin/cc       CMakeFiles/cmTC_f8dfc.dir/CheckSymbolExists.c.o  -o cmTC_f8dfc -rdynamic 
CMakeFiles/cmTC_f8dfc.dir/CheckSymbolExists.c.o: In function `main':
CheckSymbolExists.c:(.text+0x16): undefined reference to `pthread_create'
collect2: error: ld returned 1 exit status
make[1]: *** [cmTC_f8dfc] Error 1
make[1]: Leaving directory `/home/slam/pointcloud/BinPicking/ensaio_correspondencia_3DSC/src/build/CMakeFiles/CMakeTmp'
make: *** [cmTC_f8dfc/fast] Error 2

File /home/slam/pointcloud/BinPicking/ensaio_correspondencia_3DSC/src/build/CMakeFiles/CMakeTmp/CheckSymbolExists.c:
/* */
#include <pthread.h>

int main(int argc, char** argv)
{
  (void)argv;
#ifndef pthread_create
  return ((int*)(&pthread_create))[argc];
#else
  (void)argc;
  return 0;
#endif
}

Determining if the function pthread_create exists in the pthreads failed with the following output:
Change Dir: /home/slam/pointcloud/BinPicking/ensaio_correspondencia_3DSC/src/build/CMakeFiles/CMakeTmp

Run Build Command:"/usr/bin/make" "cmTC_e75fd/fast"
/usr/bin/make -f CMakeFiles/cmTC_e75fd.dir/build.make CMakeFiles/cmTC_e75fd.dir/build
make[1]: Entering directory `/home/slam/pointcloud/BinPicking/ensaio_correspondencia_3DSC/src/build/CMakeFiles/CMakeTmp'
Building C object CMakeFiles/cmTC_e75fd.dir/CheckFunctionExists.c.o
/usr/bin/cc    -DCHECK_FUNCTION_EXISTS=pthread_create   -o CMakeFiles/cmTC_e75fd.dir/CheckFunctionExists.c.o   -c /usr/share/cmake-3.5/Modules/CheckFunctionExists.c
Linking C executable cmTC_e75fd
/usr/bin/cmake -E cmake_link_script CMakeFiles/cmTC_e75fd.dir/link.txt --verbose=1
/usr/bin/cc   -DCHECK_FUNCTION_EXISTS=pthread_create    CMakeFiles/cmTC_e75fd.dir/CheckFunctionExists.c.o  -o cmTC_e75fd -rdynamic -lpthreads 
/usr/bin/ld: cannot find -lpthreads
collect2: error: ld returned 1 exit status
make[1]: *** [cmTC_e75fd] Error 1
make[1]: Leaving directory `/home/slam/pointcloud/BinPicking/ensaio_correspondencia_3DSC/src/build/CMakeFiles/CMakeTmp'
make: *** [cmTC_e75fd/fast] Error 2


